[  0.000000] Linx veio 4.15.-6-generic (bild@lg1-md64-006) cc versin 4.0 (Ubutu7.4.0-buntu1~18.04.1)) #74-Ubuntu SMP Tue Sep 17 17:06:04 UTC 2019 (Ubuntu 4.15.0-65.74-generic 4.15.18)
[    0.000000] Command line: BOOT_IMAGE=/boot/vmlinuz-4.15.0-65-generic root=UUID=f3638ad1-09b3-4522-a2a0-7cc460e907bc ro console=ty1onsole=tt0
[  00000] ERNEsuppte cpu:[    0.000000]   Intel  GnuineIntel
[    0.000000]   AMD AuthenticAMD
[    0.00000]   CentaurCentauruls
[    0.000000] x86/fpu: Supporting XSAVE feature 0x001: 'x87 floating point registers'
[    0.000000] x86/fpu: Supporting XSAVE feature 0x002: 'SSE registers'
[    0.000000] x86/fpu: Supportin XSAVE feature 0x004: 'VX registers'
[    0.000000] x86/fpu: xstate_offset[2]:  576, xstate_sizes[2]:  256
[    0.000000] x86/fpu: Enabledstate features 0x7, context size is 832 bytes, using 'standard' format.
[    0.000000] e820: BIOS-provided physical RAM map:
[    0.000000] BIOS-e820: [mem 0x0000000000000000-0x000000000009fbff] usable
[    0.000000] BIOS-e820: [mem 0x000000000009fc00-0x000000000009ffff] reserved
[    0.000000] BIOS-e820: [mem 0x00000000000f0000-0x00000000000fffff] reserved
[    0.000000] BIOS-e820: [mem 0x0000000000100000-0x000000003ffeffff] usable
[    0.000000] BIOS-e820: [mem 0x000000003fff0000-0x000000003fffffff] ACPPI data
[    0.000000] BIOS-e820: [mem 0x00000000fec00000-0x00000000fec00fff] reserved
[    0.000000] BIOS-e820: [mem 0x00000000fee00000-0x00000000fee00fff] reserved
[    0.000000] OS-e820 [me 000000ffc00-0000000fffffff] rseved    0.0000] NX (ExecutDisable) protection: active
[    0.000000] SMBIOS 2.5 present.
[    0.000000] DMI: innotek GmbH VirtuaBoVirtlBx,BI VirtualBx 12/01/006[   0.000000] pervso detectd: VM
[  000000]820:as_pfn =0xfff0 max_archpfn  040000000
[  0000000] MTRR: saled[    0.0000 x/PAT: MTRRss disabled, skipping PAT initialization too.
[    0.000000] CPU MTRRs all blank - virtualized system.
[    0.000000] x86/PAT: Configuration [0-7]: WB  WT  UC- UC  WB  WT UC- UC  
[    0.000000] found SMP MP-table at [mem 0x0009fff0-0x0009ffff]
[    0.000000] Scanning 1 ea for low memoy corrptn
[   0.0000] MDISK: [mem 0x59100-0x6cfff]
[   0.00000] ACPI Erly tlechecksm erifaton isbld
[    000000] ACP: DP 0x00000000E00 0024 (v2 OX  )
[    0.000000] ACPI: XSDT 0x000000003FFF0030 00003C (v01 VBOX   VBOXXSDT 00000001 ASL  00000061)
[    0.000000] ACPI: FACP 0x000000003FFF00F0 0000F4 (v04 BOX   VBOXFACP 00000001 ASL  00000061)
[    0.000000] ACPI: DSDT 0x000000003FFF0470 0021FF (v02 VBOX   VBOXBIOS 00000002 INTL 20100528)
[    0.000000] ACPI: FACS0x000000003FFF0200 000040
[    0.000000] ACPI: FACS 0x000000003FFF0200 000040
[    0.000000] ACPI: APIC 0x000000003FFF0240 00005C (v02 VBOX   VBOXAPIC 00000001 ASL  00000061)
[    0.000000] ACPI: SSDT 0x000000003FFF02A0 0001CC (v01 VBOX   VBOXCPUT 00000002 INTL 20100528)
[    0.000000] No NUMA configurati fund
[    0.000000]aknga de a [m 0x000000000000000x00000003efff]    .0000] NODE_DTA0) allcaed [mem 0x3ffc5000x3ffeffff]
[    0.000000] kvm-clock: cpu 0, msr 0:3ff44001,prmary cpu clock
[   0.000000] kvmclock: singmsrsb564d01 and 4b564d00[    0.00000 kvm-clock: using sched offset of 3869309297 cycles
[    0.000000] clocksource: kvm-clock: mask: 0xffffffffffffffff max_cycles: 0x1cd42e4dffb, max_idle_ns: 881590591483 ns
[    0.000000] Zone ranges:
[    0.000000]   DMA      [mem 0x0000000000001000-0x0000000000ffffff]
[    0.00000]   DMA32    [mem 0x0000000001000000-0x000000003ffeffff]
[    0.000000]   Normal   empty
[    0.000000]   Device   empty
[    0.000000] Movable zone start for each node
[    0.000000] Early memory node ranges
[    0.000000]   node   0: [mem 0x0000000000001000-0x00000000009eff]    .000000]   node   0: [mem 0x000000010000-x000003fffff
   0.0000]Reserve butunvalae: 9paes[   0.000] Initemetupode 0 [mem 000000000001000-0x000000003feff]
[  0.000000] ACPI: PM-Timer IO Port: 0x4008
[    0.000000] IOAPIC[0]: apic_id 2, version 32, address 0xfec00000, GSI 0-23
[    0.000000] ACPI: INT_SRC_OVR (bus 0 bus_irq 0 global_irq 2 dfl dfl)
[    0.000000] ACPI: INT_SRC_OVR (bus 0 bus_irq 9 global_irq 9 low level)
[    0.000000] Uing ACPI (MADT) for SMP configuration information
[    0.000000] smpboot: Allowing 2 CPUs, 0 hotplug CPUs
[    0.000000] PM: Registered nosave memory: [mem 0x00000000-0x00000fff]
[    0.000000] PM: Registered nosave memory: [mem 0x0009f000-0x0009ffff]
[    0.000000] PM: Registered nosave memory: [mem 0x000a0000-0x000effff]
[    0.000000] PM: Registered nosave memory: [mem 0x000f0000-0x000fffff]
[    0.000000] e820: [mem 0x40000000-0xfebfffff] available for PCI devices
[    0.000000] Booting paravirtualized kernel on KVM
[    0.000000] clocksource: refined-jiffies: mask: 0xffffffff max_cycles: 0xffffffff, max_idle_ns: 7645519600211568 ns
[    0.000000] random: get_random_bytes called from start_kernel+0x99/0x4fd with crng_init=0
[    0.000000] setup_percpu: NR_CPUS:8192 nr_cpumaskbits:2 nr_cpu_id:2r_no_is:1
[    0.000000] rcu: Embeded 46 pages/cpu s15155r892 d2872u1048576
[    0.000000] PV qspinlock hash table entries: 256 (order: 0, 4096 bytes)
[    0.000000] Built 1 zonelists, mobility grouping on.  Total pages: 257913
[    0.000000] Policy zone: DMA32
[    0.000000] Kernel command line: BOOT_IMAGE=/boot/vmlinuz-4.15.0-65-generic root=UUID=f3638ad1-09b3-4522-a2a0-7cc460e907bc ro console=tty1 console=ttyS0
[    0.000000] Memory: 982904K/1048120K available (12300K kernel code, 2481K rwdata, 4256K rodata, 2436K init, 2388K bss, 65216K reserved, 0K cma-reserved)
[    0.000000] SLUB: HWalign=64, Order=0-3, MinObjects=0, CPUs=2, Nodes=1
[    0.000000] Kernel/User pag tables isolation:enled[   0.000] ftrace:allocating 39301 entries in 54ags
[   0.004000] Hierarchical RCU implementation.
[    0.004000] 	RCU restricting CPUs from NR_CPUS=8192 to nr_cpu_ids=2.
[    0.004000] 	asks RCU enabled.
[    0.004000] RCU: Adjusting geometry for rcu_fanout_leaf=16, nr_cpu_ids=2
[    0.004000] NR_IRQS: 524544, nr_irqs: 440, preallocated irqs: 16
[    0.004000] Console: colour VGA+ 80x25
[    0.004000] console [tty1] enabled
[    0.004000] console [ttyS0] enabled
[    0.004000] ACPI: Core revision 20170831
[    0.004000] ACPI: 2 ACPI AML tables successfully acquired and loaded
[    0.004000] APIC: Switch to symmetric I/O mode setup
[    0.004000] x2apic enabled
[    0.004000] Switched APIC routing to physicl x2ap.
[    0.004793] ..TIMER: vector=0x30 apic1=0 pin1=2 apic2=-1 pin2=-1
[    0.008003] tsc: Detected 2399.998 MHz processor
[    0.012011] Calibrating delay loop (skipped) preset value.. 4799.99 BogoMIPS (lpj=9599992)
[    0.016007] pid_max: default: 32768 minimum: 301
[    0.020043] Security Framework initialized
[    0.024005] Yama: becoming mindful.
[    0.028027] AppArmor: AppArmor initialized
[    0.036054] Dentry cache hash table entries: 131072 (order: 8, 1048576 bytes)
[    0.040078] Inode-cache hash table entries: 65536 (order: 7, 524288 bytes)
[    0.044064] Mount-cache hash table entries: 2048 (order: 2, 16384 bytes)
[    0.048092] Mountpoint-cache hash table entries: 2048 (order: 2, 16384 bytes)
[    0.052305] Last level iTLB entries: 4KB 64, 2MB 8, 4MB 8
[    0.056005] Last level dTLB entries: 4KB 64, 2MB 0, 4MB 0, 1GB 4
[    0.057637] Spectre V1 : Mitigation: usercopy/swapgs barriers and __user pointer sanitization
[    0.060005] Spectre V2 : Mitigation: Full generic retpoline
[    0.061320] Spectre V2 : Spectre v2 / SpectreRSB mitigation: Filling RSB on context switch
[    0.064004] Speculative Store Bypass: Vulnerable
[    0.065217] MDS: Vulnerable: Clear CPU buffers attempted, no microcode
[    0.067266] Freeing SMP alternatives memory: 36K
[    0.177948] smpboot: CPU0: Intel(R) Core(TM) i5-8279U CPU @ 2.40GHz (family: 0x6, model: 0x8e, stepping: 0xa)
[    0.180081] Performance Events: unsupported p6 CPU model 142 no PMU driver, software events only.
[    0.184112] Hierarchical SRCU implementation.
[    0.185435] NMI watchdog: Perf event create on CPU 0 failed with -2
[    0.188002] NMI watchdog: Perf NMI watchdog permanently disabled
[    0.189196] smp: Bringing up secondary CPUs ...
[    0.192075] x86: Booting SMP configuration:
[    0.196003] .... node  #0, CPUs:      #1
[    0.004000] kvm-clock: cpu 1, msr 0:3ff44041, secondary cpu clock
[    0.348020] smp: Brought up 1 node, 2 CPUs
[    0.352005] smpboot: Max logical packages: 1
[    0.356004] smpboot: Total of 2 processors activated (9599.99 BogoMIPS)
[    0.360131] devtmpfs: initialized
[    0.364061] x86/mm: Memory block size: 128MB
[    0.368152] evm: security.selinux
[    0.372012] evm: security.SMACK64
[    0.374324] evm: security.SMACK64EXEC
[    0.376008] evm: security.SMACK64TRANSMUTE
[    0.380004] evm: security.SMACK64MMAP
[    0.384005] evm: security.apparmor
[    0.388006] evm: security.ima
[    0.388770] evm: security.capability
[    0.389902] clocksource: jiffies: mask: 0xffffffff max_cycles: 0xffffffff, max_idle_ns: 7645041785100000 ns
[    0.392010] futex hash table entries: 512 (order: 3, 32768 bytes)
[    0.397782] pinctrl core: initialized pinctrl subsystem
[    0.399373] RTC time:  2:12:26, date: 10/20/19
[    0.400198] NET: Registered protocol family 16
[    0.401464] audit: initializing netlink subsys (disabled)
[    0.404008] audit: type=2000 audit(1571537542.640:1): state=initialized audit_enabled=0 res=1
[    0.404166] cpuidle: using governor ladder
[    0.405087] cpuidle: using governor menu
[    0.408067] ACPI: bus type PCI registered
[    0.409195] acpiphp: ACPI Hot Plug PCI Controller Driver version: 0.5
[    0.410960] PCI: Using configuration type 1 for base access
[    0.413245] HugeTLB registered 2.00 MiB page size, pre-allocated 0 pages
[    0.416116] ACPI: Added _OSI(Module Device)
[    0.417332] ACPI: Added _OSI(Processor Device)
[    0.420006] ACPI: Added _OSI(3.0 _SCP Extensions)
[    0.421237] ACPI: Added _OSI(Processor Aggregator Device)
[    0.422646] ACPI: Added _OSI(Linux-Dell-Video)
[    0.424004] ACPI: Added _OSI(Linux-Lenovo-NV-HDMI-Audio)
[    0.425337] ACPI: Added _OSI(Linux-HPI-Hybrid-Graphics)
[    0.426939] ACPI: Executed 1 blocks of module-level executable AML code
[    0.432004] ACPI: Interpreter enabled
[    0.436026] ACPI: (supports S0 S5)
[    0.440004] ACPI: Using IOAPIC for interrupt routing
[    0.444201] PCI: Using host bridge windows from ACPI; if necessary, use "pci=nocrs" and report a bug
[    0.448201] ACPI: Enabled 2 GPEs in block 00 to 07
[    0.459973] ACPI: PCI Root Bridge [PCI0] (domain 0000 [bus 00-ff])
[    0.460011] acpi PNP0A03:00: _OSC: OS supports [ASPM ClockPM Segments MSI]
[    0.464031] acpi PNP0A03:00: _OSC: not requesting OS control; OS requires [ExtendedConfig ASPM ClockPM MSI]
[    0.468015] acpi PNP0A03:00: fail to add MMCONFIG information, can't access extended PCI configuration space under this bridge.
[    0.472414] PCI host bridge to bus 0000:00
[    0.476011] pci_bus 0000:00: root bus resource [io  0x0000-0x0cf7 window]
[    0.480030] pci_bus 0000:00: root bus resource [io  0x0d00-0xffff window]
[    0.484010] pci_bus 0000:00: root bus resource [mem 0x000a0000-0x000bffff window]
[    0.488009] pci_bus 0000:00: root bus resource [mem 0x40000000-0xfdffffff window]
[    0.489925] pci_bus 0000:00: root bus resource [bus 00-ff]
[    0.494997] pci 0000:00:01.1: legacy IDE quirk: reg 0x10: [io  0x01f0-0x01f7]
[    0.496008] pci 0000:00:01.1: legacy IDE quirk: reg 0x14: [io  0x03f6]
[    0.497658] pci 0000:00:01.1: legacy IDE quirk: reg 0x18: [io  0x0170-0x0177]
[    0.500005] pci 0000:00:01.1: legacy IDE quirk: reg 0x1c: [io  0x0376]
[    0.522628] pci 0000:00:07.0: quirk: [io  0x4000-0x403f] claimed by PIIX4 ACPI
[    0.524026] pci 0000:00:07.0: quirk: [io  0x4100-0x410f] claimed by PIIX4 SMB
[    0.535620] ACPI: PCI Interrupt Link [LNKA] (IRQs 5 9 10 *11)
[    0.536281] ACPI: PCI Interrupt Link [LNKB] (IRQs 5 9 *10 11)
[    0.540129] ACPI: PCI Interrupt Link [LNKC] (IRQs 5 *9 10 11)
[    0.544130] ACPI: PCI Interrupt Link [LNKD] (IRQs 5 9 10 *11)
[    0.548384] SCSI subsystem initialized
[    0.552047] pci 0000:00:02.0: vgaarb: setting as boot VGA device
[    0.556000] pci 0000:00:02.0: vgaarb: VGA device added: decodes=io+mem,owns=io+mem,locks=none
[    0.556007] pci 0000:00:02.0: vgaarb: bridge control possible
[    0.560002] vgaarb: loaded
[    0.564034] ACPI: bus type USB registered
[    0.568031] usbcore: registered new interface driver usbfs
[    0.572011] usbcore: registered new interface driver hub
[    0.576028] usbcore: registered new device driver usb
[    0.580063] EDAC MC: Ver: 3.0.0
[    0.588030] PCI: Using ACPI for IRQ routing
[    0.592546] NetLabel: Initializing
[    0.593463] NetLabel:  domain hash size = 128
[    0.596004] NetLabel:  protocols = UNLABELED CIPSOv4 CALIPSO
[    0.597504] NetLabel:  unlabeled traffic allowed by default
[    0.599197] clocksource: Switched to clocksource kvm-clock
[    0.609623] VFS: Disk qutas dquot_6.6.0
[    0.634220] VFS: Dquot-cache hash table entries: 512 (order 0, 4096 bytes)
[    0.635654] AppArmor AArr lest Enaled
[    0.881834] pnp: PnP ACPI init
[    0.884346] pnp: PnP ACPI: found 3 devices

[    0.89796] clocksource: acpi_pm: mask: ffffff max_cycles: 0xffffff, mx_idle_ns: 2085701024 ns
[    0.991702] NET: Registered protocol family 2

[    0.992755] TCP established hash table entries: 8192 (order: 4, 65536 bytes)
[    0.994162] TCP bind hash table entries: 8192 (order: 5, 131072 bytes)
[    0.998081] TCP: Hash tables configuedesblhe8192 bind 8192)
  1.1957UDha tlentes51(oer 2, 16384 bytes)
[    1.688510] UDP-Lite hashtable entries: 12orr:, 38bys)
[    2.039] T:egted rotcofaly
  2.38] ci00000.0 Liting direct PCI/PCI transfers
[    2.775970] pci 0000:00:01.0: Activain I D hg orrods[  3093460 p 000:002: id dicwi sdod OMt emx0c000-0x000dffff]

[    3.848512] Unpacking initramfs...
[    4.103303] Freeing initrd memory: 19676K
[    4.177738] clocksource: tsc: mask: 0xffffffffffffffff max_cycles: 0x229835b7123, max_idle_ns: 440795242976 ns
[    4.433741] platform rtc_cmos: registered platform RTC device (no PNP device found)
[    4.597383] Scanning for low memory corruption every 60 seconds
[    4.754387] Initialise system trusted keyrings
[    4.820328] Key type blacklist registered
[    4.918031] workingset: timestamp_bits=36 max_order=18 bucket_order=0
[    4.950765] zbud: loaded
[    4.952803] squashfs: version 4.0 (2009/01/31) Phillip Lougher
[    4.961367] fuse init (API version 7.26)
[    4.967125] Key type asymmetric registered
[    4.968555] Asymmetric key parser 'x509' registered
[    4.974114] Block layer SCSI generic (bsg) driver version 0.4 loaded (major 246)
[    4.976520] io scheduler noop registered
[    4.977730] io scheduler deadline registered
[    4.978959] io scheduler cfq registered (default)
[    4.981852] ACPI: AC Adapter [AC] (off-line)
[    4.983208] input: Power Button as /devices/LNXSYSTM:00/LNXPWRBN:00/input/input0
[    4.985445] ACPI: Power Button [PWRF]
[    4.986616] input: Sleep Button as /devices/LNXSYSTM:00/LNXSLPBN:00/input/input1
[    4.988783] ACPI: Sleep Button [SLPF]
[    4.991202] ACPI: Battery Slot [BAT0] (battery present)
[    4.992692] Serial: 8250/16550 driver, 32 ports, IRQ sharing enabled
[    5.020347] 00:02: ttyS0 at I/O 0x3f8 (irq = 4, base_baud = 115200) is a 16550A
[    5.136527] Linux agpgart interface v0.103
[    5.143739] loop: module loaded
[    5.144978] scsi host0: ata_piix
[    5.145732] scsi host1: ata_piix
[    5.146387] ata1: PATA max UDMA/33 cmd 0x1f0 ctl 0x3f6 bmdma 0xd000 irq 14
[    5.147702] ata2: PATA max UDMA/33 cmd 0x170 ctl 0x376 bmdma 0xd008 irq 15
[    5.149601] libphy: Fixed MDIO Bus: probed
[    5.150397] tun: Universal TUN/TAP device driver, 1.6
[    5.151476] PPP generic driver version 2.4.2
[    5.152541] ehci_hcd: USB 2.0 'Enhanced' Host Controller (EHCI) Driver
[    5.153783] ehci-pci: EHCI PCI platform driver
[    5.154651] ehci-platform: EHCI generic platform driver
[    5.155754] ohci_hcd: USB 1.1 'Open' Host Controller (OHCI) Driver
[    5.157050] ohci-pci: OHCI PCI platform driver
[    5.158135] ohci-platform: OHCI generic platform driver
[    5.159089] uhci_hcd: USB Universal Host Controller Interface driver
[    5.160466] i8042: PNP: PS/2 Controller [PNP0303:PS2K,PNP0f03:PS2M] at 0x60,0x64 irq 1,12
[    5.299821] serio: i8042 KBD port at 0x60,0x64 irq 1
[    5.385997] serio: i8042 AUX port at 0x60,0x64 irq 12
[    5.492893] mousedev: PS/2 mouse device common for all mice
[    5.566105] rtc_cmos rtc_cmos: rtc core: registered rtc_cmos as rtc0
[    5.668478] rtc_cmos rtc_cmos: alarms up to one day, 114 bytes nvram
[    5.777649] i2c /dev entries driver
[    5.844677] input: AT TranslatedSet 2 keyboard as /devices/platform/i8042/serio0/input/input2
[    5.848096] device-mapper: uevent: version 1.0.3
[    6.042725] device-mapper: ioctl: 4.37.0-ioctl (2017-09-20) initialised: dm-devel@redhat.com
[    6.050019] ledtrig-cpu: registered to indicate activity on CPUs
[    6.052137] NET: Registered protocol family 10
[    6.056907] Segment Routing with IPv6
[    6.057988] NET: Registered protocol family 17
[    6.059248] Key type dns_resolver registered
[    6.060606] mce: Using 0 MCE banks
[    6.061631] RAS: Correctable Errors collector initialized.
[    6.064780] sched_clock: Marking stable (6064749492, 0)->(16925616615, -10860867123)
[    6.067758] registered taskstats version 1
[    6.068980] Loading compiled-in X.509 certificates
[    6.076901] Loaded X.509 cert 'Build time autogenerated kernel key: 3a65b6a3c8b5d6b297d77c25be9161529933bc49'
[    6.080641] zswap: loaded using pool lzo/zbud
[    6.085983] Key type big_key registered
[    6.086807] Key type trusted registered
[    6.089061] Key type encrypted registered
[    6.089888] AppArmor: AppArmor sha1 policy hashing enabled
[    6.090956] ima: No TPM chip found, activating TPM-bypass! (rc=-19)
[    6.092149] ima: Allocated hash algorithm: sha1
[    6.093086] evm: HMAC attrs: 0x1
[    6.094071]   Magic number: 7:903:207
[    6.217233] rtc_cmos rtc_cmos: setting system clock to22019-10-20 02:12:33 UTC (1571537553)
[    6.567180] BIOS EDD facility v0.1622004-uu--25, 0 devices found
[    6.887326] EDD information not available.
[    7.088946] Freeing unused kernel image memory: 2436K
[    7.156513] Write protecting the kernel read-only data: 20480k
[    7.158600] Freeing unused kernel image memory: 2008K
[    7.160269] Freeing unused kernel image memory: 1888K
[    7.166450] x86/mm: Checked W+X mappings: passed, no W+X pages found.
[    7.167937] x86/mm: Checking user space page tables
[    7.173909] x86/mm: Checked W+X mappings: passed, no W+X pages found.
Loading, please wait...
starting version 237
[    7.224863] e1000: Intel(R) PRO/1000 Network Driver - version 7.3.21-k8-NAPI
[    7.336178] e1000: Copyright (c) 1999-2006 Intel Corporation.
[    7.440809] Fusion MPT base driver 3.04.20
[    7.496097] Copyright (c) 1999-2008 LSI Corporation
[    7.585484] Fusion MPT SPI Host driver 3.04.20
[    7.661778] AVX2 version of gcm_enc/dec engaged.
[    7.785043] AES CTR mode by8 optimization enabled
[    7.889934] input: ImExPS/2 Generic Explorer Mouse as /devices/platform/i8042/serio1/input/input4
[    8.159304] e1000 0000:00:03.0 eth0: (PCI:33MHz:32-bit) 02:76:54:76:58:75
[    8.225109] e1000 0000:00:03.0 eth0: Intel(R) PRO/1000 Network Connection
[    8.228232] mptbase: ioc0: Initiating bringup
[    8.324267] ioc0: LSI53C1030 A0: Capabilities={Initiator}
[    8.856060] scsi host2: ioc0: LSI53C1030 A0, FwRev=00000000h, Ports=1, MaxQ=256, IRQ=20
[    9.466326] scsi 2:0:0:0: Direct-Access     VBOX     HARDDISK         1.0  PQ: 0 ANSI: 5
[    9.844429] scsi target2:0:0: Beginning Domain Validation
[   10.290501] scsi target2:0:0: Domain Validation skipping write tests
[   10.291727] scsi target2:0:0: Ending Domain Validation
[   10.292785] scsi target2:0:0: asynchronous
[   10.293860] scsi 2:0:1:0: Direct-Access     VBOX     HARDDISK         1.0  PQ: 0 ANSI: 5
[   10.616258] scsi target2:0:1: Beginning Domain Validation
[   10.645784] e1000 0000:00:08.0 eth1: (PCI:33MHz:32-bit) 08:00:27:b6:13:f0
[   10.794539] random: fast init done
[   10.889860] e1000 0000:00:08.0 eth1: Intel(R) PRO/1000 Network Connection
[   11.099033] scsi target2:0:1: Domain Validation skipping write tests
[   11.237199] random: systemd-udevd: uninitialized urandom read (16 bytes read)
[   11.427172] scsi target2:0:1: Ending Domain Validation
[   11.479034] scsi target2:0:1: asynchronous
[   11.479136] random: systemd-udevd: uninitialized urandom read (16 bytes read)
[   11.482755] random: systemd-udevd: uninitialized urandom read (16 bytes read)
[   11.485711] sd 2:0:0:0: Attached scsi generic sg0 type 0
[   11.487964] e1000 0000:00:08.0 enp0s8: renamed from eth1
[   11.492447] sd 2:0:1:0: Attached scsi generic sg1 type 0
[   11.497667] sd 2:0:0:0: [sda] 20971520 512-byte logical blocks: (10.7 GB/10.0 GiB)
[   11.500556] sd 2:0:1:0: [sdb] 20480 512-byte logical blocks: (10.5 MB/10.0 MiB)
[   11.507684] sd 2:0:0:0: [sda] Write Protect is off
[   11.511083] e1000 0000:00:03.0 enp0s3: renamed from eth0
[   11.516125] sd 2:0:1:0: [sdb] Write Protect is off
[   11.519745] sd 2:0:0:0: [sda] Incomplete mode parameter data
[   11.522620] sd 2:0:0:0: [sda] Assuming drive cache: write through
[   11.524259] sd 2:0:1:0: [sdb] Incomplete mode parameter data
[   11.528025] sd 2:0:1:0: [sdb] Assuming drive cache: write through
[   11.532695]  sda: sda1
[   11.534944] sd 2:0:0:0: [sda] Attached SCSI disk
[   11.598940] sd 2:0:1:0: [sdb] Attached SCSI disk
Begin: Loading essential drivers ... [   13.144158] raid6: sse2x1   gen() 14106 MB/s
[   13.272237] raid6: sse2x1   xor() 10396 MB/s
[   13.384246] raid6: sse2x2   gen() 17566 MB/s
[   13.552092] raid6: sse2x2   xor() 11697 MB/s
[   13.624217] raid6: sse2x4   gen() 20033 MB/s
[   13.720201] raid6: sse2x4   xor()  9943 MB/s
[   13.768195] raid6: avx2x1   gen() 26182 MB/s
[   13.924244] raid6: avx2x1   xor() 19785 MB/s
[   14.080243] raid6: avx2x2   gen() 34908 MB/s
[   14.212233] raid6: avx2x2   xor() 21493 MB/s
[   14.352133] raid6: avx2x4   gen() 38492 MB/s
[   14.472165] raid6: avx2x4   xor() 23999 MB/s
[   14.540553] raid6: using algorithm avx2x4 gen() 38492 MB/s
[   14.620274] raid6: .... xor() 23999 MB/s, rmw enabled
[   14.690160] raid6: using avx2x2 recovery algorithm
[   14.763580] xor: automatically using best checksumming function   avx       
[   14.773260] async_tx: api initialized (async)
done.
Begin: Running /scripts/init-premount ... done.
Begin: Mounting root file system ... Begin: Running /scripts/local-top ... done.
Begin: Running /scripts/local-premount ... [   14.821289] Btrfs loaded, crc32c=crc32c-intel
Scanning for Btrfs filesystems
done.
Warning: fsck no[   14.930111] EXT4-fs (sda1): mounted filesystem with ordered data mode. Opts: (null)
t present, so skipping root file system
done.
Begin: Running /scripts/local-bottom ... done.
Begin: Running /scripts/init-bottom ... done.
[   15.118035] ip_tables: (C) 2000-2006 Netfilter Core Team
[   15.126153] systemd[1]: systemd 237 running in system mode. (+PAM +AUDIT +SELINUX +IMA +APPARMOR +SMACK +SYSVINIT +UTMP +LIBCRYPTSETUP +GCRYPT +GNUTLS +ACL +XZ +LZ4 +SECCOMP +BLKID +ELFUTILS +KMOD -IDN2 +IDN -PCRE2 default-hierarchy=hybrid)
[   15.130168] systemd[1]: Detected virtualization oracle.
[   15.131187] systemd[1]: Detected architecture x86-64.

Welcome to [1mUbuntu 18.04.3 LTS[0m!

[   15.169787] systemd[1]: Set hostname to <ubuntu-bionic>.
[   15.697406] systemd[1]: Reached target User and Group Name Lookups.
[[0;32m  OK  [0m] Reached target User and Group Name Lookups.
[   15.700347] systemd[1]: Set up automount Arbitrary Executable File Formats File System Automount Point.
[[0;32m  OK  [0m] Set up automount Arbitrary Executab…rmats File System Automount Point.
[   15.706099] systemd[1]: Created slice User and Session Slice.
[[0;32m  OK  [0m] Created slice User and Session Slice.
[   15.871154] systemd[1]: Started Forward Password Requests to Wall Directory Watch.
[[0;32m  OK  [0m] Started Forward Password Requests to Wall Directory Watch.
[   15.878708] systemd[1]: Created slice System Slice.
[[0;32m  OK  [0m] Created slice System Slice.
[   15.882106] systemd[1]: Listening on Journal Socket.
[[0;32m  OK  [0m] Listening on Journal Socket.
         Mounting Kernel Debug File System...
[[0;32m  OK  [0m] Listening on /dev/initctl Compatibility Named Pipe.
[[0;32m  OK  [0m] Listening on udev Control Socket.
         Starting Set the console keyboard layout...
         Starting Load Kernel Modules...
[[0;32m  OK  [0m] Listening on Journal Audit Socket.
[[0;32m  OK  [0m] Listening on udev Kernel Socket.
         Starting udev Coldplug all Devices...
         Mounting Huge Pages File System...
         Starting Create list of required st…ce nodes for the current kernel...
[[0;32m  OK  [0m] Listening on Sys[   15.934743] Loading iSCSI transport class v2.0-870.
log Socket.
[[0;32m  OK  [0m] Listening on LVM2 metadata daemon socket.
[[0;32m  OK  [0[   16.044265] iscsi: registered transport (tcp)
m] Reached target System Time Synchronized.
[[0;32m  OK  [0m] Listening on Device-mapper event daemon FIFOs.
[[0;32m  OK  [0m] Created slice sy[   16.066082] iscsi: registered transport (iser)
stem-serial\x2dgetty.slice.
[[0;32m  OK  [0m] Reached target Swap.
         Starting Uncomplicated firewall...
[[0;32m  OK  [0m] Reached target Slices.
[[0;32m  OK  [0m] Listening on Network Service Netlink Socket.
         Starting Remount Root and Kernel File Systems...
[[0;32m  OK  [0m] Listening on LVM2 poll daemon socket.
[[0;32m  OK  [0m] Listening on Journal Socket (/dev/log).
         [   16.102977] EXT4-fs (sda1): re-mounted. Opts: (null)
Starting Journal Service...
         Starting Monitoring of LVM2 mirrors…ng dmeventd or progress polling...
         Mounting POSIX Message Queue File System...
[[0;32m  OK  [0m] Mounted Kernel Debug File System.
[[0;32m  OK  [0m] Started Journal Service.
[[0;32m  OK  [0m] Started Load Kernel Modules.
[[0;32m  OK  [0m] Mounted Huge Pages File System.
[[0;32m  OK  [0m] Started Create list of required sta…vice nodes for the current kernel.
[[0;32m  OK  [0m] Started Set the console keyboard layout.
[[0;32m  OK  [0m] Started Uncomplicated firewall.
[[0;32m  OK  [0m] Started Remount Root and Kernel File Systems.
[[0;32m  OK  [0m] Mounted POSIX Message Queue File System.
[[0;32m  OK  [0m] Started udev Coldplug all Devices.
[[0;32m  OK  [0m] Started LVM2 metadata daemon.
         Starting Load/Save Random Seed...
         Starting Create Static Device Nodes in /dev...
         Mounting FUSE Control File System...
         Mounting Kernel Configuration File System...
         Starting Apply Kernel Variables...
         [   16.441858] random: crng init done
Starting Flush J[   16.547915] random: 7 urandom warning(s) missed due to ratelimiting
ournal to Persistent Storage...
[[0;32m  OK  [0m] Started Monitoring of LVM2 mirrors,…sing dmeventd or progress polling.
[[0;32m  OK  [0m] Started Load/Save Random Seed.
[[0;32m  OK  [0m] Started Create Static Device Nodes in /dev.
[[0;32m  OK  [0m] Mounted FUSE Control File System.
[[0;32m  OK  [0m] Mounted Kernel Configuration File System.
[[0;32m  OK  [0m] Started Apply Kernel Variables.
         Starting udev Kernel Device Manager...
[[0;32m  OK  [0m] Reached target Local File Systems (Pre).
[[0;32m  OK  [0m] Reached target Local File Systems.
         Starting AppArmor initialization...
         Starting Tell Plymouth To Write Out Runtime Data...
         Starting ebtables ruleset management...
         Starting Set console font and keymap...
[[0;32m  OK  [0m] Started udev Kernel Device Manager.
[[0;32m  OK  [0m] Started Dispatch Password Requests to Console Directory Watch.
[[0;32m  OK  [0m] Reached target Local Encrypted Volumes.
[[0;32m  OK  [0m] Started Tell Plymouth To Write Out Runtime Data.
[[0;32m  OK  [0m] Started Set console font and keymap.
[[0;32m  OK  [0m] Started ebtables ruleset management.
[[0;32m  OK  [0m] Started Flush Journal to Persistent Storage.
[[0;32m  OK  [0m] Found device /dev/ttyS0.
[[0;32m  OK  [0m] Listening on Load/Save RF Kill Switch Status /dev/rfkill Watch.
         Starting Create Volatile Files and Directories...
[[0;32m  OK  [0m] Started Create Volatile Files and Directories.
         Starting Update UTMP about System Boot/Shutdown...
[[0;32m  OK  [0m] Started AppArmor initialization.
         Starting Initial cloud-init job (pre-networking)...
[[0;32m  OK  [0m] Started Update UTMP about System Boot/Shutdown.
[   18.177373] cloud-init[585]: Cloud-init v. 19.1-1-gbaa47854-0ubuntu1~18.04.1 running 'init-local' at Sun, 20 Oct 2019 02:12:45 +0000. Up 17.98 seconds.
[[0;32m  OK  [0m] Started Initial cloud-init job (pre-networking).
[[0;32m  OK  [0m] Reached target Network (Pre).
         Starting Network Service...
[[0;32m  OK  [0m] Started Network Service.
         Starting Wait for Network to be Configured...
         Starting Network Name Resolution...
[[0;32m  OK  [0m] Started Network Name Resolution.
[[0;32m  OK  [0m] Reached target Network.
[[0;32m  OK  [0m] Reached target Host and Network Name Lookups.
[[0;32m  OK  [0m] Started Wait for Network to be Configured.
         Starting Initial cloud-init job (metadata service crawler)...
[   20.627669] cloud-init[721]: Cloud-init v. 19.1-1-gbaa47854-0ubuntu1~18.04.1 running 'init' at Sun, 20 Oct 2019 02:12:47 +0000. Up 20.51 seconds.
[   20.701189] cloud-init[721]: ci-info: ++++++++++++++++++++++++++++++++++++++Net device info+++++++++++++++++++++++++++++++++++++++
[   20.703869] cloud-init[721]: ci-info: +--------+------+-----------------------------+---------------+--------+-------------------+
[   20.729555] cloud-init[721]: ci-info: | Device |  Up  |           Address           |      Mask     | Scope  |     Hw-Address    |
[   20.733785] cloud-init[721]: ci-info: +--------+------+-----------------------------+---------------+--------+-------------------+
[   20.749905] cloud-init[721]: ci-info: | enp0s3 | True |          10.0.2.15          | 255.255.255.0 | global | 02:76:54:76:58:75 |
[   20.752962] cloud-init[721]: ci-info: | enp0s3 | True |  fe80::76:54ff:fe76:5875/64 |       .       |  link  | 02:76:54:76:58:75 |
[   20.760423] cloud-init[721]: ci-info: | enp0s8 | True |        192.168.33.10        | 255.255.255.0 | global | 08:00:27:b6:13:f0 |
[   20.763269] cloud-init[721]: ci-info: | enp0s8 | True | fe80::a00:27ff:feb6:13f0/64 |       .       |  link  | 08:00:27:b6:13:f0 |
[[0;32m  OK  [0m] Started Initial cloud-init job (metadata service crawler).
[[0;32m  OK  [0m] Reached target System Initialization.
[   20.886874] cloud-init[721]: ci-info: |   lo   | True |          127.0.0.1          |   255.0.0.0   |  host  |         .         |
[   21.069620] cloud-init[721]: ci-info: |   lo   | True |           ::1/128           |       .       |  host  |         .         |
[   21.161581] cloud-init[721]: ci-info: +--------+------+-----------------------------+---------------+--------+-------------------+
[   21.245380] cloud-init[721]: ci-info: +++++++++++++++++++++++++++++Route IPv4 info+++++++++++++++++++++++++++++
[   21.328382] cloud-init[721]: ci-info: +-------+--------------+----------+-----------------+-----------+-------+
[[0;32m  OK  [0m] Started Message of the Day.
[[0;32m  OK  [0m] Listening on D-Bus System Message Bus Socket.
[[0;32m  OK  [0m] Listening on ACPID Listen Socket.
[   21.345891] cloud-init[721]: ci-info: | Route | Destination  | Gateway  |     Genmask     | Interface | Flags |
[   21.358747] cloud-init[721]: ci-info: +-------+--------------+----------+-----------------+-----------+-------+
[[0;32m  OK  [0m] Started Daily Cleanup of Temporary Directories.
[[0;32m  OK  [0m] Started Discard unused blocks once a week.
[   21.365656] cloud-init[721]: ci-info: |   0   |   0.0.0.0    | 10.0.2.2 |     0.0.0.0     |   enp0s3  |   UG  |
[   21.392548] cloud-init[721]: ci-info: |   1   |   10.0.2.0   | 0.0.0.0  |  255.255.255.0  |   enp0s3  |   U   |
         Starting LXD - unix socket.
         Starting Socket activation for snappy daemon.
[[0;32m  OK  [0m] Listening on UUID daemon activation socket.
[   21.409081] cloud-init[721]: ci-info: |   2   |   10.0.2.2   | 0.0.0.0  | 255.255.255.255 |   enp0s3  |   UH  |
[   21.593426] cloud-init[721]: ci-info: |   3   | 192.168.33.0 | 0.0.0.0  |  255.255.255.0  |   enp0s8  |   U   |
[   21.685445] cloud-init[721]: ci-info: +-------+--------------+----------+-----------------+-----------+-------+
[   21.769520] cloud-init[721]: ci-info: +++++++++++++++++++Route IPv6 info+++++++++++++++++++
[[0;32m  OK  [0m] Started ACPI Events Check.
[[0;32m  OK  [0m] Reached target Paths.
[[0;32m  OK  [0m] Started Daily apt download activities.
[[0;32m  OK  [0m] Started Daily apt upgrade and clean activities.
[[0;32m  OK  [0m] Reached target Timers.
[[0;32m  OK  [0m] Listening on Open-iSCSI iscsid Socket.
[   21.835535] cloud-init[721]: ci-info: +-------+-------------+---------+-----------+-------+
[[0;32m  OK  [0m] Reached target Network is Online.
[   22.181664] cloud-init[721]: ci-info: | Route | Destination | Gateway | Interface | Flags |
         Starting Availability of block devices...
[[0;32m  OK  [0m] Reached target Remote File Systems (Pre).
[[0;32m  OK  [0m] Reached target Remote File Systems.
[[0;32m  OK  [0m] Reached target Cloud-config availability.
[[0;32m  OK  [0m] Listening on LXD - unix socket.
[[0;32m  OK  [0m] Listening on Socket activation for snappy daemon.
[   22.274734] cloud-init[721]: ci-info: +-------+-------------+---------+-----------+-------+
[   22.463411] cloud-init[721]: ci-info: |   1   |  fe80::/64  |    ::   |   enp0s8  |   U   |
[   22.465530] cloud-init[721]: ci-info: |   2   |  fe80::/64  |    ::   |   enp0s3  |   U   |
[[0;32m  OK  [0m] Started Availability of block devices.
[[0;32m  OK  [0m] Reached target Sockets.
[[0;32m  OK  [0m] Reached target Basic System.
[   22.471020] cloud-init[721]: ci-info: |   4   |    local    |    ::   |   enp0s3  |   U   |
[   22.490972] cloud-init[721]: ci-info: |   5   |    local    |    ::   |   enp0s8  |   U   |
[   22.493193] cloud-init[721]: ci-info: |   6   |   ff00::/8  |    ::   |   enp0s8  |   U   |
         Starting Login Service...
[   22.510776] cloud-init[721]: ci-info: |   7   |   ff00::/8  |    ::   |   enp0s3  |   U   |
[   22.612345]          cloud-initStarting Permit User Sessions...[721]: 
ci-info: +-------+-------------+---------+-----------+-------+
         Starting vboxadd.service...
[[0;32m  OK  [0m] Started Regular background program processing daemon.
         Starting LSB: Record successful boot for GRUB...
         Starting Dispatcher daemon for systemd-networkd...
         Starting LSB: automatic crash report generation...
         Starting Message of the Day...
[[0;32m  OK  [0m] Started Deferred execution scheduler.
         Starting System Logging Service...
         Starting Accounts Service...
[[0;32m  OK  [0m] Started D-Bus System Message Bus.
[[0;32m  OK  [0m] Started Login Service.
[[0;32m  OK  [0m] Started Unattended Upgrades Shutdown.
         Starting Snappy daemon...
         Starting OpenBSD Secure Shell server...
[[0;32m  OK  [0m] Started FUSE filesystem for LXC.
         Starting LXD - container startup/shutdown...
[[0;32m  OK  [0m] Started irqbalance daemon.
[[0;32m  OK  [0m] Started Dispatcher daemon for systemd-networkd.
[[0;32m  OK  [0m] Started System Logging Service.
[[0;32m  OK  [0m] Started Permit User Sessions.
[[0;32m  OK  [0m] Started vboxadd.service.
[[0;32m  OK  [0m] Started OpenBSD Secure Shell server.
         Starting Authorization Manager...
         Starting vboxadd-service.service...
         Starting Terminate Plymouth Boot Screen...
         Starting Hold until boot process finishes up...
[[0;32m  OK  [0m] Started Hold until boot process finishes up.
         Starting Set console scheme...
[[0;32m  OK  [0m] Started Serial Getty on ttyS0.
[[0;32m  OK  [0m] Started Terminate Plymouth Boot Screen.
[[0;32m  OK  [0m] Started Authorization Manager.
[[0;32m  OK  [0m] Started Set console scheme.
[[0;32m  OK  [0m] Started Accounts Service.
[[0;32m  OK  [0m] Created slice system-getty.slice.
[[0;32m  OK  [0m] Started Getty on tty1.
[[0;32m  OK  [0m] Reached target Login Prompts.
[[0;32m  OK  [0m] Started LSB: Record successful boot for GRUB.
[[0;32m  OK  [0m] Started LXD - container startup/shutdown.
[[0;32m  OK  [0m] Started LSB: automatic crash report generation.
[[0;32m  OK  [0m] Started vboxadd-service.service.
[[0;32m  OK  [0m] Created slice User Slice of vagrant.
[[0;32m  OK  [0m] Started Snappy daemon.
[[0;32m  OK  [0m] Started Session 1 of user vagrant.
         Starting Wait until snapd is fully seeded...
         Starting User Manager for UID 1000...
[[0;32m  OK  [0m] Started Wait until snapd is fully seeded.
         Starting Apply the settings specified in cloud-config...
[[0;32m  OK  [0m] Reached target Multi-User System.
[[0;32m  OK  [0m] Reached target Graphical Interface.
         Starting Update UTMP about System Runlevel Changes...
[[0;32m  OK  [0m] Started User Manager for UID 1000.
[[0;32m  OK  [0m] Started Update UTMP about System Runlevel Changes.
[   24.418428] cloud-init[1380]: Cloud-init v. 19.1-1-gbaa47854-0ubuntu1~18.04.1 running 'modules:config' at Sun, 20 Oct 2019 02:12:51 +0000. Up 24.31 seconds.
[[0;32m  OK  [0m] Started Apply the settings specified in cloud-config.
         Starting Execute cloud user/final scripts...
[   24.946874] cloud-init[1477]: Cloud-init v. 19.1-1-gbaa47854-0ubuntu1~18.04.1 running 'modules:final' at Sun, 20 Oct 2019 02:12:52 +0000. Up 24.86 seconds.
[[0;32m  OK  [0m] Started Execute cloud user/final scripts.
[   25.041946] cloud-init[1477]: Cloud-init v. 19.1-1-gbaa47854-0ubuntu1~18.04.1 finished at Sun, 20 Oct 2019 02:12:52 +0000. Datasource DataSourceNoCloud [seed=/dev/sdb][dsmode=net].  Up 24.94 seconds
[[0;32m  OK  [0m] Started Message of the Day.
[[0;32m  OK  [0m] Reached target Cloud-init target.

Ubuntu 18.04.3 LTS ubuntu-bionic ttyS0

ubuntu-bionic login: 